Ahvenanmaan_1869-1870_12
Ahvenanmaan_1869-1870_13
Ahvenanmaan_1869-1870_17
Ahvenanmaan_1869-1870_21
Ahvenanmaan_1869-1870_26
Alavuden_1870-1870_14
Alavuden_1870-1870_18
Alavuden_1870-1870_25
Alavuden_1870-1870_26
Alavuden_1870-1870_27
Alavuden_1870-1870_28
Alavuden_1870-1870_29
Heinolan_1869-1873_14
Heinolan_1869-1873_17
Heinolan_1869-1873_22
Heinolan_1869-1873_26
Heinolan_1869-1873_29
Hollolan_1866-1868_10
Hollolan_1866-1868_11
Hollolan_1866-1868_15
Hollolan_1866-1868_20
Hollolan_1866-1868_21
Hollolan_1866-1868_23
Iitin_1856-1858_12
Iitin_1856-1858_15
Iitin_1856-1858_16
Iitin_1856-1858_19
Iitin_1856-1858_26
Iitin_1856-1858_29
Ilmajoen_1864-1864_10
Ilmajoen_1864-1864_15
Ilmajoen_1864-1864_19
Ilmajoen_1864-1864_20
Ilmajoen_1864-1864_21
Ilmajoen_1864-1864_24
Ilmajoen_1864-1864_25
Jamsan_1853-1855_11
Jamsan_1853-1855_13
Jamsan_1853-1855_18
Jamsan_1853-1855_23
Jamsan_1853-1855_27
Janakkalan_1870-1870_10
Janakkalan_1870-1870_11
Janakkalan_1870-1870_12
Juvan_1862-1865_12
Juvan_1862-1865_13
Juvan_1862-1865_16
Juvan_1862-1865_18
Juvan_1862-1865_24
Jyvaskylan_1864-1865_11
Jyvaskylan_1864-1865_13
Jyvaskylan_1864-1865_15
Jyvaskylan_1864-1865_23
Jyvaskylan_1864-1865_28
Kajaanin_1868-1869_11
Kajaanin_1868-1869_15
Kajaanin_1868-1869_17
Karjalan_1855-1860_11
Karjalan_1855-1860_14
Karjalan_1855-1860_15
Karjalan_1855-1860_16
Karjalan_1855-1860_19
Karjalan_1855-1860_22
Karjalan_1855-1860_25
Karjalan_1855-1860_28
Karjalan_1855-1860_29
Keski-Pohja_1850-1850_14
Keski-Pohja_1850-1850_17
Keski-Pohja_1860-1860_12
Keski-Pohja_1860-1860_16
Keski-Pohja_1860-1860_17
Keski-Pohja_1860-1860_25
Kiteen_1864-1868_13
Kiteen_1864-1868_15
Kiteen_1864-1868_16
Kiteen_1864-1868_20
Kokkolan_1867-1867_11
Kokkolan_1867-1867_15
Kokkolan_1867-1867_17
Kokkolan_1867-1867_26
Korsholman_1857-1858_12
Korsholman_1857-1858_18
Korsholman_1857-1858_23
Kuopion_1861-1862_10
Kuopion_1861-1862_19
Kuopion_1861-1862_20
Kuopion_1861-1862_23
Kuopion_1861-1862_27
Lapinmaan_1865-1870_11
Lapinmaan_1865-1870_12
Lapinmaan_1865-1870_25
Lapinmaan_1865-1870_26
Lappeen_1851-1865_11
Lappeen_1851-1865_15
Lappeen_1851-1865_21
Lappeen_1851-1865_22
Lappeen_1851-1865_26
Laukaan_1864-1865_14
Laukaan_1864-1865_15
Laukaan_1864-1865_16
Laukaan_1864-1865_20
Laukaan_1864-1865_26
Leppavirran_1864-1867_11
Leppavirran_1864-1867_12
Leppavirran_1864-1867_15
Leppavirran_1864-1867_17
Leppavirran_1864-1867_18
Leppavirran_1864-1867_23
Leppavirran_1864-1867_29
Liperin_1860-1863_12
Liperin_1860-1863_13
Liperin_1860-1863_20
Liperin_1860-1863_21
Liperin_1860-1863_25
Liperin_1860-1863_26
Mikkelin_1869-1871_13
Mikkelin_1869-1871_15
Mikkelin_1869-1871_23
Mikkelin_1869-1871_25
Mikkelin_1869-1871_27
Mikkelin_1869-1871_28
Mynamaen_1862-1865_17
Mynamaen_1862-1865_18
Mynamaen_1862-1865_26
Mynamaen_1862-1865_28
