0002_M_Hirschhorn_007_0146
0004_M_Thyrnau_004_0045
0004_M_Vilshofen_013_0899
0005_M_Thyrnau_004_0051
0005_M_Vilshofen_014_0001
0008_S_Tettenweis_016-01_0017
0009_S_Vilshofen_016_0046
0011_S_Thyrnau_005_0108
0014_T_Breitenberg_005_0035
0015_M_Winhoering_013_0230
0017_RS_Haarbach_013_0057
0022_RT_Galgweis_022-02_0021
0025_S_Aholming_011_0123
0029_S_Feichten_011-01_0078
0030_S_Grafenau_007-05_0097
0031_S_Grattersdorf_013-01_0006
0033_S_Hauzenberg_017-01_0143
0035_S_Koesslarn_020_0060
0045_S_Roehrnbach_016_0086
0046_S_Sulzbach_007-01_0180
0054_T_Aidenbach_006-01_0064
0057_T_Birnbach_008_0001
0068_T_Malching_003_0198
0069_T_Mitterhausen_002-01_0010
0070_T_Nesslbach_006-01_0199
0075_T_Rainding_005-01_0036
0082_T_Wegscheid_006_0121
0084_T_Wollaberg_004_0126
